build/app/outputs/mapping/release/seeds.txt
androidx.window.embedding.SplitInfo: androidx.window.embedding.ActivityStack secondaryActivityStack
kotlinx.coroutines.internal.LockFreeLinkedListNode: java.lang.Object _removedRef
androidx.window.R$attr: int finishPrimaryWithSecondary
androidx.window.embedding.MatcherUtils: java.lang.String sMatchersTag
kotlin.coroutines.AbstractCoroutineContextElement: kotlin.coroutines.CoroutineContext$Key key
kotlin.coroutines.jvm.internal.ContinuationImpl: kotlin.coroutines.Continuation intercepted
androidx.window.core.Version: kotlin.Lazy bigInteger$delegate
io.flutter.plugins.GeneratedPluginRegistrant: java.lang.String TAG
androidx.window.layout.WindowMetricsCalculator$Companion$decorator$1: androidx.window.layout.WindowMetricsCalculator$Companion$decorator$1 INSTANCE
androidx.window.core.Version: androidx.window.core.Version VERSION_0_1
io.flutter.embedding.engine.FlutterJNI: java.lang.Long nativeShellHolderId
io.flutter.embedding.engine.FlutterJNI: java.util.Set engineLifecycleListeners
androidx.window.layout.WindowMetricsCalculator: androidx.window.layout.WindowMetricsCalculator$Companion Companion
kotlinx.coroutines.CancelledContinuation: int _resumed
io.flutter.embedding.engine.renderer.SurfaceTextureWrapper: boolean attached
androidx.window.embedding.SplitController: androidx.window.embedding.SplitController$Companion Companion
androidx.window.layout.WindowMetricsCalculatorCompat: androidx.window.layout.WindowMetricsCalculatorCompat INSTANCE
androidx.window.layout.HardwareFoldingFeature: androidx.window.layout.FoldingFeature$State state
androidx.window.layout.SidecarWindowBackend$ExtensionListenerImpl: androidx.window.layout.SidecarWindowBackend this$0
io.flutter.embedding.android.FlutterSplashView$SavedState: android.os.Bundle splashScreenState
androidx.window.embedding.EmbeddingCompat: androidx.window.extensions.embedding.ActivityEmbeddingComponent embeddingExtension
androidx.window.embedding.ExtensionEmbeddingBackend$EmbeddingCallbackImpl: androidx.window.embedding.ExtensionEmbeddingBackend this$0
io.flutter.embedding.engine.FlutterJNI: java.lang.String TAG
androidx.window.embedding.ExtensionEmbeddingBackend: androidx.window.embedding.ExtensionEmbeddingBackend globalInstance
androidx.window.embedding.ExtensionEmbeddingBackend: java.util.concurrent.CopyOnWriteArrayList splitChangeCallbacks
androidx.window.java.layout.WindowInfoTrackerCallbackAdapter: java.util.Map consumerToJobMap
io.flutter.embedding.android.FlutterSplashView$SavedState: android.os.Parcelable$Creator CREATOR
androidx.window.embedding.EmbeddingCompat: boolean DEBUG
androidx.window.layout.HardwareFoldingFeature: androidx.window.layout.HardwareFoldingFeature$Type type
androidx.window.java.layout.WindowInfoTrackerCallbackAdapter: androidx.window.layout.WindowInfoTracker tracker
androidx.window.R$attr: int splitMinSmallestWidth
androidx.window.layout.SidecarCompat$DistinctSidecarElementCallback: java.util.concurrent.locks.ReentrantLock lock
androidx.window.R$attr: int placeholderActivityName
io.flutter.plugin.editing.ImeSyncDeferringInsetsCallback: boolean animating
androidx.window.embedding.ExtensionEmbeddingBackend$SplitListenerWrapper: java.util.List lastValue
androidx.window.layout.SidecarCompat: androidx.window.layout.ExtensionInterfaceCompat$ExtensionCallbackInterface extensionCallback
kotlinx.coroutines.DefaultExecutor: int debugStatus
androidx.window.layout.FoldingFeature$State: androidx.window.layout.FoldingFeature$State$Companion Companion
io.flutter.embedding.engine.FlutterJNI: io.flutter.embedding.engine.FlutterJNI$AccessibilityDelegate accessibilityDelegate
androidx.window.core.Version: androidx.window.core.Version$Companion Companion
androidx.window.java.layout.WindowInfoTrackerCallbackAdapter: java.util.concurrent.locks.ReentrantLock lock
androidx.window.R$styleable: int ActivityFilter_activityAction
androidx.window.layout.WindowInfoTrackerImpl: androidx.window.layout.WindowBackend windowBackend
androidx.window.R$styleable: int[] SplitPairFilter